<?xml version="1.0" encoding="UTF-8"?>
<testsuite xmlns:xsi="http://www.w3.org/2001/XMLSchema-instance" xsi:noNamespaceSchemaLocation="https://maven.apache.org/surefire/maven-surefire-plugin/xsd/surefire-test-report-3.0.xsd" version="3.0" name="com.personal.assistant.module.reminder.service.ReminderServiceTest" time="0.467" tests="3" errors="0" skipped="0" failures="0">
  <properties>
[...]
</properties>
  <testcase name="rejectsUnknownSource" classname="com.personal.assistant.module.reminder.service.ReminderServiceTest" time="0.351"/>
  <testcase name="scanDueRecordsFailureWithoutChannel" classname="com.personal.assistant.module.reminder.service.ReminderServiceTest" time="0.095"/>
  <testcase name="createReminderStartsPending" classname="com.personal.assistant.module.reminder.service.ReminderServiceTest" time="0.006"/>
</testsuite>